<?xml version="1.0" encoding="UTF-8"?>
<!-- Generated by org.testng.reporters.JUnitReportReporter -->
<testsuite hostname="DESKTOP-V1QBTN0" failures="0" tests="1" name="phptravelstests.TestSuites" time="5.753" errors="0" timestamp="10 Jun 2020 09:03:08 GMT" skipped="0">
  <testcase classname="phptravelstests.TestSuites" name="validateAccountPage" time="5.753"/>
</testsuite> <!-- phptravelstests.TestSuites -->
